<?xml version="1.0" encoding="UTF-8"?>
<!-- Generated by org.testng.reporters.JUnitReportReporter -->
<testsuite hostname="DESKTOP-AJTL1J0" failures="0" tests="2" name="testCases.TC002_LoginTest" time="4.514" errors="0" timestamp="2025-03-03T15:09:55 IST" skipped="0">
  <testcase classname="testCases.TC002_LoginTest" name="verify_login" time="1.855"/>
  <testcase classname="testCases.TC002_LoginTest" name="verify_login" time="2.659"/>
</testsuite> <!-- testCases.TC002_LoginTest -->
