<?xml version="1.0" encoding="UTF-8"?>
<!-- Generated by org.testng.reporters.JUnitReportReporter -->
<testsuite hostname="DESKTOP-AJTL1J0" failures="0" tests="2" name="testCases.TC001_AccountRegistrationTest" time="6.611" errors="0" timestamp="2025-03-03T15:09:54 IST" skipped="0">
  <testcase classname="testCases.TC001_AccountRegistrationTest" name="verify_account_registration" time="3.414"/>
  <testcase classname="testCases.TC001_AccountRegistrationTest" name="verify_account_registration" time="3.197"/>
</testsuite> <!-- testCases.TC001_AccountRegistrationTest -->
