<?xml version="1.0" encoding="UTF-8"?>
<!-- Generated by org.testng.reporters.JUnitReportReporter -->
<testsuite hostname="DESKTOP-AJTL1J0" failures="0" tests="6" name="testCases.TC003_LoginDDT" time="51.106" errors="0" timestamp="2025-03-01T14:43:27 IST" skipped="0">
  <testcase classname="testCases.TC003_LoginDDT" name="verify_loginDDT" time="11.207"/>
  <testcase classname="testCases.TC003_LoginDDT" name="verify_loginDDT" time="11.342"/>
  <testcase classname="testCases.TC003_LoginDDT" name="verify_loginDDT" time="11.566"/>
  <testcase classname="testCases.TC003_LoginDDT" name="verify_loginDDT" time="1.818"/>
  <testcase classname="testCases.TC003_LoginDDT" name="verify_loginDDT" time="12.208"/>
  <testcase classname="testCases.TC003_LoginDDT" name="verify_loginDDT" time="2.965"/>
</testsuite> <!-- testCases.TC003_LoginDDT -->
