<?xml version="1.0" encoding="UTF-8"?>
<!-- Generated by org.testng.reporters.JUnitReportReporter -->
<testsuite hostname="DESKTOP-AJTL1J0" failures="0" tests="1" name="testCases.TC001_AccountRegistrationTest" time="2.370" errors="0" timestamp="2025-03-03T20:17:33 IST" skipped="0">
  <testcase classname="testCases.TC001_AccountRegistrationTest" name="verify_account_registration" time="2.370"/>
</testsuite> <!-- testCases.TC001_AccountRegistrationTest -->
