<?xml version="1.0" encoding="UTF-8"?>
<!-- Generated by org.testng.reporters.JUnitReportReporter -->
<testsuite hostname="DESKTOP-AJTL1J0" failures="0" tests="1" name="testCases.TC002_LoginTest" time="1.326" errors="0" timestamp="2025-03-03T20:17:33 IST" skipped="0">
  <testcase classname="testCases.TC002_LoginTest" name="verify_login" time="1.326"/>
</testsuite> <!-- testCases.TC002_LoginTest -->
